sdumont1056
sdumont1056
	linux-vdso.so.1 =>  (0x00007ffc1f3a8000)
	libmpifort.so.12 => /opt/intel/parallel_studio_xe_2019/compilers_and_libraries_2019.3.199/linux/mpi/intel64/lib/libmpifort.so.12 (0x00002abff5c30000)
	libmpi.so.12 => /opt/intel/parallel_studio_xe_2019/compilers_and_libraries_2019.3.199/linux/mpi/intel64/lib/release/libmpi.so.12 (0x00002abff5fee000)
	libdl.so.2 => /usr/lib64/libdl.so.2 (0x00002abff717c000)
	librt.so.1 => /usr/lib64/librt.so.1 (0x00002abff7380000)
	libpthread.so.0 => /usr/lib64/libpthread.so.0 (0x00002abff7588000)
	libm.so.6 => /usr/lib64/libm.so.6 (0x00002abff77a4000)
	libiomp5.so => /opt/intel/parallel_studio_xe_2019/compilers_and_libraries_2019.3.199/linux/compiler/lib/intel64_lin/libiomp5.so (0x00002abff7aa6000)
	libgcc_s.so.1 => /usr/lib64/libgcc_s.so.1 (0x00002abff7e9b000)
	libc.so.6 => /usr/lib64/libc.so.6 (0x00002abff80b1000)
	libfabric.so.1 => /opt/intel/parallel_studio_xe_2019/compilers_and_libraries_2019.3.199/linux/mpi/intel64/libfabric/lib/libfabric.so.1 (0x00002abff847e000)
	/lib64/ld-linux-x86-64.so.2 (0x00002abff5a0c000)
4
-------------------------------------------------------------
STREAM version $Revision: 5.10 $
-------------------------------------------------------------
This system uses 8 bytes per array element.
-------------------------------------------------------------
Array size = 10000000 (elements), Offset = 0 (elements)
Memory per array = 76.3 MiB (= 0.1 GiB).
Total memory required = 228.9 MiB (= 0.2 GiB).
Each kernel will be executed 10 times.
 The *best* time for each kernel (excluding the first iteration)
 will be used to compute the reported bandwidth.
-------------------------------------------------------------
Number of Threads requested = 4
Number of Threads counted = 4
-------------------------------------------------------------
Your clock granularity/precision appears to be 1 microseconds.
Each test below will take on the order of 3441 microseconds.
   (= 3441 clock ticks)
Increase the size of the arrays if this shows that
you are not getting at least 20 clock ticks per test.
-------------------------------------------------------------
WARNING -- The above is only a rough guideline.
For best results, please be sure you know the
precision of your system timer.
-------------------------------------------------------------
Function    Best Rate MB/s  Avg time     Min time     Max time
Copy:           31122.2     0.005180     0.005141     0.005230
Scale:          22775.8     0.007034     0.007025     0.007042
Add:            29640.9     0.008116     0.008097     0.008144
Triad:          29980.7     0.008017     0.008005     0.008049
-------------------------------------------------------------
Solution Validates: avg error less than 1.000000e-13 on all three arrays
-------------------------------------------------------------
