sdumont1081
sdumont1081
	linux-vdso.so.1 =>  (0x00007ffcad938000)
	libmpifort.so.12 => /opt/intel/parallel_studio_xe_2019/compilers_and_libraries_2019.3.199/linux/mpi/intel64/lib/libmpifort.so.12 (0x00002b1a76f12000)
	libmpi.so.12 => /opt/intel/parallel_studio_xe_2019/compilers_and_libraries_2019.3.199/linux/mpi/intel64/lib/release/libmpi.so.12 (0x00002b1a772d0000)
	libdl.so.2 => /usr/lib64/libdl.so.2 (0x00002b1a7845e000)
	librt.so.1 => /usr/lib64/librt.so.1 (0x00002b1a78662000)
	libpthread.so.0 => /usr/lib64/libpthread.so.0 (0x00002b1a7886a000)
	libm.so.6 => /usr/lib64/libm.so.6 (0x00002b1a78a86000)
	libiomp5.so => /opt/intel/parallel_studio_xe_2019/compilers_and_libraries_2019.3.199/linux/compiler/lib/intel64_lin/libiomp5.so (0x00002b1a78d88000)
	libgcc_s.so.1 => /usr/lib64/libgcc_s.so.1 (0x00002b1a7917d000)
	libc.so.6 => /usr/lib64/libc.so.6 (0x00002b1a79393000)
	libfabric.so.1 => /opt/intel/parallel_studio_xe_2019/compilers_and_libraries_2019.3.199/linux/mpi/intel64/libfabric/lib/libfabric.so.1 (0x00002b1a79760000)
	/lib64/ld-linux-x86-64.so.2 (0x00002b1a76cee000)
16
-------------------------------------------------------------
STREAM version $Revision: 5.10 $
-------------------------------------------------------------
This system uses 8 bytes per array element.
-------------------------------------------------------------
Array size = 10000000 (elements), Offset = 0 (elements)
Memory per array = 76.3 MiB (= 0.1 GiB).
Total memory required = 228.9 MiB (= 0.2 GiB).
Each kernel will be executed 10 times.
 The *best* time for each kernel (excluding the first iteration)
 will be used to compute the reported bandwidth.
-------------------------------------------------------------
Number of Threads requested = 16
Number of Threads counted = 16
-------------------------------------------------------------
Your clock granularity/precision appears to be 1 microseconds.
Each test below will take on the order of 2089 microseconds.
   (= 2089 clock ticks)
Increase the size of the arrays if this shows that
you are not getting at least 20 clock ticks per test.
-------------------------------------------------------------
WARNING -- The above is only a rough guideline.
For best results, please be sure you know the
precision of your system timer.
-------------------------------------------------------------
Function    Best Rate MB/s  Avg time     Min time     Max time
Copy:           59811.8     0.002717     0.002675     0.002840
Scale:          41333.4     0.003898     0.003871     0.003940
Add:            54274.7     0.004484     0.004422     0.004524
Triad:          56419.3     0.004391     0.004254     0.004471
-------------------------------------------------------------
Solution Validates: avg error less than 1.000000e-13 on all three arrays
-------------------------------------------------------------
