sdumont1081
sdumont1081
	linux-vdso.so.1 =>  (0x00007ffe11190000)
	libmpifort.so.12 => /opt/intel/parallel_studio_xe_2019/compilers_and_libraries_2019.3.199/linux/mpi/intel64/lib/libmpifort.so.12 (0x00002ba423bd1000)
	libmpi.so.12 => /opt/intel/parallel_studio_xe_2019/compilers_and_libraries_2019.3.199/linux/mpi/intel64/lib/release/libmpi.so.12 (0x00002ba423f8f000)
	libdl.so.2 => /usr/lib64/libdl.so.2 (0x00002ba42511d000)
	librt.so.1 => /usr/lib64/librt.so.1 (0x00002ba425321000)
	libpthread.so.0 => /usr/lib64/libpthread.so.0 (0x00002ba425529000)
	libm.so.6 => /usr/lib64/libm.so.6 (0x00002ba425745000)
	libiomp5.so => /opt/intel/parallel_studio_xe_2019/compilers_and_libraries_2019.3.199/linux/compiler/lib/intel64_lin/libiomp5.so (0x00002ba425a47000)
	libgcc_s.so.1 => /usr/lib64/libgcc_s.so.1 (0x00002ba425e3c000)
	libc.so.6 => /usr/lib64/libc.so.6 (0x00002ba426052000)
	libfabric.so.1 => /opt/intel/parallel_studio_xe_2019/compilers_and_libraries_2019.3.199/linux/mpi/intel64/libfabric/lib/libfabric.so.1 (0x00002ba42641f000)
	/lib64/ld-linux-x86-64.so.2 (0x00002ba4239ad000)
20
-------------------------------------------------------------
STREAM version $Revision: 5.10 $
-------------------------------------------------------------
This system uses 8 bytes per array element.
-------------------------------------------------------------
Array size = 10000000 (elements), Offset = 0 (elements)
Memory per array = 76.3 MiB (= 0.1 GiB).
Total memory required = 228.9 MiB (= 0.2 GiB).
Each kernel will be executed 10 times.
 The *best* time for each kernel (excluding the first iteration)
 will be used to compute the reported bandwidth.
-------------------------------------------------------------
Number of Threads requested = 20
Number of Threads counted = 20
-------------------------------------------------------------
Your clock granularity/precision appears to be 1 microseconds.
Each test below will take on the order of 1325 microseconds.
   (= 1325 clock ticks)
Increase the size of the arrays if this shows that
you are not getting at least 20 clock ticks per test.
-------------------------------------------------------------
WARNING -- The above is only a rough guideline.
For best results, please be sure you know the
precision of your system timer.
-------------------------------------------------------------
Function    Best Rate MB/s  Avg time     Min time     Max time
Copy:           68900.3     0.002602     0.002322     0.002885
Scale:          46227.8     0.003551     0.003461     0.003629
Add:            58665.0     0.004460     0.004091     0.005359
Triad:          61193.5     0.004535     0.003922     0.005402
-------------------------------------------------------------
Solution Validates: avg error less than 1.000000e-13 on all three arrays
-------------------------------------------------------------
