sdumont1081
sdumont1081
	linux-vdso.so.1 =>  (0x00007ffd82f4f000)
	libmpifort.so.12 => /opt/intel/parallel_studio_xe_2019/compilers_and_libraries_2019.3.199/linux/mpi/intel64/lib/libmpifort.so.12 (0x00002b7de8f42000)
	libmpi.so.12 => /opt/intel/parallel_studio_xe_2019/compilers_and_libraries_2019.3.199/linux/mpi/intel64/lib/release/libmpi.so.12 (0x00002b7de9300000)
	libdl.so.2 => /usr/lib64/libdl.so.2 (0x00002b7dea48e000)
	librt.so.1 => /usr/lib64/librt.so.1 (0x00002b7dea692000)
	libpthread.so.0 => /usr/lib64/libpthread.so.0 (0x00002b7dea89a000)
	libm.so.6 => /usr/lib64/libm.so.6 (0x00002b7deaab6000)
	libiomp5.so => /opt/intel/parallel_studio_xe_2019/compilers_and_libraries_2019.3.199/linux/compiler/lib/intel64_lin/libiomp5.so (0x00002b7deadb8000)
	libgcc_s.so.1 => /usr/lib64/libgcc_s.so.1 (0x00002b7deb1ad000)
	libc.so.6 => /usr/lib64/libc.so.6 (0x00002b7deb3c3000)
	libfabric.so.1 => /opt/intel/parallel_studio_xe_2019/compilers_and_libraries_2019.3.199/linux/mpi/intel64/libfabric/lib/libfabric.so.1 (0x00002b7deb790000)
	/lib64/ld-linux-x86-64.so.2 (0x00002b7de8d1e000)
2
-------------------------------------------------------------
STREAM version $Revision: 5.10 $
-------------------------------------------------------------
This system uses 8 bytes per array element.
-------------------------------------------------------------
Array size = 10000000 (elements), Offset = 0 (elements)
Memory per array = 76.3 MiB (= 0.1 GiB).
Total memory required = 228.9 MiB (= 0.2 GiB).
Each kernel will be executed 10 times.
 The *best* time for each kernel (excluding the first iteration)
 will be used to compute the reported bandwidth.
-------------------------------------------------------------
Number of Threads requested = 2
Number of Threads counted = 2
-------------------------------------------------------------
Your clock granularity/precision appears to be 1 microseconds.
Each test below will take on the order of 4842 microseconds.
   (= 4842 clock ticks)
Increase the size of the arrays if this shows that
you are not getting at least 20 clock ticks per test.
-------------------------------------------------------------
WARNING -- The above is only a rough guideline.
For best results, please be sure you know the
precision of your system timer.
-------------------------------------------------------------
Function    Best Rate MB/s  Avg time     Min time     Max time
Copy:           17077.4     0.009446     0.009369     0.009564
Scale:          12241.9     0.013204     0.013070     0.013352
Add:            16077.3     0.014989     0.014928     0.015133
Triad:          16242.6     0.014880     0.014776     0.015015
-------------------------------------------------------------
Solution Validates: avg error less than 1.000000e-13 on all three arrays
-------------------------------------------------------------
