sdumont1081
sdumont1081
	linux-vdso.so.1 =>  (0x00007fff3178a000)
	libmpifort.so.12 => /opt/intel/parallel_studio_xe_2019/compilers_and_libraries_2019.3.199/linux/mpi/intel64/lib/libmpifort.so.12 (0x00002b4575a7c000)
	libmpi.so.12 => /opt/intel/parallel_studio_xe_2019/compilers_and_libraries_2019.3.199/linux/mpi/intel64/lib/release/libmpi.so.12 (0x00002b4575e3a000)
	libdl.so.2 => /usr/lib64/libdl.so.2 (0x00002b4576fc8000)
	librt.so.1 => /usr/lib64/librt.so.1 (0x00002b45771cc000)
	libpthread.so.0 => /usr/lib64/libpthread.so.0 (0x00002b45773d4000)
	libm.so.6 => /usr/lib64/libm.so.6 (0x00002b45775f0000)
	libiomp5.so => /opt/intel/parallel_studio_xe_2019/compilers_and_libraries_2019.3.199/linux/compiler/lib/intel64_lin/libiomp5.so (0x00002b45778f2000)
	libgcc_s.so.1 => /usr/lib64/libgcc_s.so.1 (0x00002b4577ce7000)
	libc.so.6 => /usr/lib64/libc.so.6 (0x00002b4577efd000)
	libfabric.so.1 => /opt/intel/parallel_studio_xe_2019/compilers_and_libraries_2019.3.199/linux/mpi/intel64/libfabric/lib/libfabric.so.1 (0x00002b45782ca000)
	/lib64/ld-linux-x86-64.so.2 (0x00002b4575858000)
1
-------------------------------------------------------------
STREAM version $Revision: 5.10 $
-------------------------------------------------------------
This system uses 8 bytes per array element.
-------------------------------------------------------------
Array size = 10000000 (elements), Offset = 0 (elements)
Memory per array = 76.3 MiB (= 0.1 GiB).
Total memory required = 228.9 MiB (= 0.2 GiB).
Each kernel will be executed 10 times.
 The *best* time for each kernel (excluding the first iteration)
 will be used to compute the reported bandwidth.
-------------------------------------------------------------
Number of Threads requested = 1
Number of Threads counted = 1
-------------------------------------------------------------
Your clock granularity/precision appears to be 1 microseconds.
Each test below will take on the order of 9394 microseconds.
   (= 9394 clock ticks)
Increase the size of the arrays if this shows that
you are not getting at least 20 clock ticks per test.
-------------------------------------------------------------
WARNING -- The above is only a rough guideline.
For best results, please be sure you know the
precision of your system timer.
-------------------------------------------------------------
Function    Best Rate MB/s  Avg time     Min time     Max time
Copy:            8148.3     0.019677     0.019636     0.019766
Scale:           6138.7     0.026088     0.026064     0.026121
Add:             8162.2     0.029439     0.029404     0.029464
Triad:           8239.5     0.029142     0.029128     0.029169
-------------------------------------------------------------
Solution Validates: avg error less than 1.000000e-13 on all three arrays
-------------------------------------------------------------
