sdumont1081
sdumont1081
	linux-vdso.so.1 =>  (0x00007ffd24491000)
	libmpifort.so.12 => /opt/intel/parallel_studio_xe_2019/compilers_and_libraries_2019.3.199/linux/mpi/intel64/lib/libmpifort.so.12 (0x00002b82329bf000)
	libmpi.so.12 => /opt/intel/parallel_studio_xe_2019/compilers_and_libraries_2019.3.199/linux/mpi/intel64/lib/release/libmpi.so.12 (0x00002b8232d7d000)
	libdl.so.2 => /usr/lib64/libdl.so.2 (0x00002b8233f0b000)
	librt.so.1 => /usr/lib64/librt.so.1 (0x00002b823410f000)
	libpthread.so.0 => /usr/lib64/libpthread.so.0 (0x00002b8234317000)
	libm.so.6 => /usr/lib64/libm.so.6 (0x00002b8234533000)
	libiomp5.so => /opt/intel/parallel_studio_xe_2019/compilers_and_libraries_2019.3.199/linux/compiler/lib/intel64_lin/libiomp5.so (0x00002b8234835000)
	libgcc_s.so.1 => /usr/lib64/libgcc_s.so.1 (0x00002b8234c2a000)
	libc.so.6 => /usr/lib64/libc.so.6 (0x00002b8234e40000)
	libfabric.so.1 => /opt/intel/parallel_studio_xe_2019/compilers_and_libraries_2019.3.199/linux/mpi/intel64/libfabric/lib/libfabric.so.1 (0x00002b823520d000)
	/lib64/ld-linux-x86-64.so.2 (0x00002b823279b000)
8
-------------------------------------------------------------
STREAM version $Revision: 5.10 $
-------------------------------------------------------------
This system uses 8 bytes per array element.
-------------------------------------------------------------
Array size = 10000000 (elements), Offset = 0 (elements)
Memory per array = 76.3 MiB (= 0.1 GiB).
Total memory required = 228.9 MiB (= 0.2 GiB).
Each kernel will be executed 10 times.
 The *best* time for each kernel (excluding the first iteration)
 will be used to compute the reported bandwidth.
-------------------------------------------------------------
Number of Threads requested = 8
Number of Threads counted = 8
-------------------------------------------------------------
Your clock granularity/precision appears to be 1 microseconds.
Each test below will take on the order of 2943 microseconds.
   (= 2943 clock ticks)
Increase the size of the arrays if this shows that
you are not getting at least 20 clock ticks per test.
-------------------------------------------------------------
WARNING -- The above is only a rough guideline.
For best results, please be sure you know the
precision of your system timer.
-------------------------------------------------------------
Function    Best Rate MB/s  Avg time     Min time     Max time
Copy:           35109.8     0.004592     0.004557     0.004641
Scale:          38433.6     0.004198     0.004163     0.004221
Add:            47206.6     0.005129     0.005084     0.005194
Triad:          47449.1     0.005080     0.005058     0.005098
-------------------------------------------------------------
Solution Validates: avg error less than 1.000000e-13 on all three arrays
-------------------------------------------------------------
