sdumont1064
sdumont1064
	linux-vdso.so.1 =>  (0x00007ffc48540000)
	libmpifort.so.12 => /opt/intel/parallel_studio_xe_2019/compilers_and_libraries_2019.3.199/linux/mpi/intel64/lib/libmpifort.so.12 (0x00002af21cc48000)
	libmpi.so.12 => /opt/intel/parallel_studio_xe_2019/compilers_and_libraries_2019.3.199/linux/mpi/intel64/lib/release/libmpi.so.12 (0x00002af21d006000)
	libdl.so.2 => /usr/lib64/libdl.so.2 (0x00002af21e194000)
	librt.so.1 => /usr/lib64/librt.so.1 (0x00002af21e398000)
	libpthread.so.0 => /usr/lib64/libpthread.so.0 (0x00002af21e5a0000)
	libm.so.6 => /usr/lib64/libm.so.6 (0x00002af21e7bc000)
	libgcc_s.so.1 => /usr/lib64/libgcc_s.so.1 (0x00002af21eabe000)
	libc.so.6 => /usr/lib64/libc.so.6 (0x00002af21ecd4000)
	libfabric.so.1 => /opt/intel/parallel_studio_xe_2019/compilers_and_libraries_2019.3.199/linux/mpi/intel64/libfabric/lib/libfabric.so.1 (0x00002af21f0a1000)
	/lib64/ld-linux-x86-64.so.2 (0x00002af21ca24000)
Process 12 of 16 on sdumont1064 (hostname sdumont1064) 
Process 13 of 16 on sdumont1064 (hostname sdumont1064) 
Process 14 of 16 on sdumont1064 (hostname sdumont1064) 
Process 15 of 16 on sdumont1064 (hostname sdumont1064) 
Process 1 of 16 on sdumont1064 (hostname sdumont1064) 
Process 2 of 16 on sdumont1064 (hostname sdumont1064) 
Process 10 of 16 on sdumont1064 (hostname sdumont1064) 
Process 5 of 16 on sdumont1064 (hostname sdumont1064) 
Process 6 of 16 on sdumont1064 (hostname sdumont1064) 
Process 7 of 16 on sdumont1064 (hostname sdumont1064) 
Process 3 of 16 on sdumont1064 (hostname sdumont1064) 
Process 0 of 16 on sdumont1064 (hostname sdumont1064) 
Process 4 of 16 on sdumont1064 (hostname sdumont1064) 
Process 9 of 16 on sdumont1064 (hostname sdumont1064) 
Process 8 of 16 on sdumont1064 (hostname sdumont1064) 
Process 11 of 16 on sdumont1064 (hostname sdumont1064) 
