sdumont[1060-1063]
sdumont1060 sdumont1061 sdumont1062 sdumont1063
	linux-vdso.so.1 =>  (0x00007ffe0b940000)
	libmpifort.so.12 => /opt/intel/parallel_studio_xe_2019/compilers_and_libraries_2019.3.199/linux/mpi/intel64/lib/libmpifort.so.12 (0x00002b4b9beaa000)
	libmpi.so.12 => /opt/intel/parallel_studio_xe_2019/compilers_and_libraries_2019.3.199/linux/mpi/intel64/lib/release/libmpi.so.12 (0x00002b4b9c268000)
	libdl.so.2 => /usr/lib64/libdl.so.2 (0x00002b4b9d3f6000)
	librt.so.1 => /usr/lib64/librt.so.1 (0x00002b4b9d5fa000)
	libpthread.so.0 => /usr/lib64/libpthread.so.0 (0x00002b4b9d802000)
	libm.so.6 => /usr/lib64/libm.so.6 (0x00002b4b9da1e000)
	libgcc_s.so.1 => /usr/lib64/libgcc_s.so.1 (0x00002b4b9dd20000)
	libc.so.6 => /usr/lib64/libc.so.6 (0x00002b4b9df36000)
	libfabric.so.1 => /opt/intel/parallel_studio_xe_2019/compilers_and_libraries_2019.3.199/linux/mpi/intel64/libfabric/lib/libfabric.so.1 (0x00002b4b9e303000)
	/lib64/ld-linux-x86-64.so.2 (0x00002b4b9bc86000)
Process 12 of 16 on sdumont1063 (hostname sdumont1063) 
Process 1 of 16 on sdumont1060 (hostname sdumont1060) 
Process 2 of 16 on sdumont1060 (hostname sdumont1060) 
Process 3 of 16 on sdumont1060 (hostname sdumont1060) 
Process 0 of 16 on sdumont1060 (hostname sdumont1060) 
Process 8 of 16 on sdumont1062 (hostname sdumont1062) 
Process 5 of 16 on sdumont1061 (hostname sdumont1061) 
Process 13 of 16 on sdumont1063 (hostname sdumont1063) 
Process 14 of 16 on sdumont1063 (hostname sdumont1063) 
Process 15 of 16 on sdumont1063 (hostname sdumont1063) 
Process 9 of 16 on sdumont1062 (hostname sdumont1062) 
Process 6 of 16 on sdumont1061 (hostname sdumont1061) 
Process 10 of 16 on sdumont1062 (hostname sdumont1062) 
Process 7 of 16 on sdumont1061 (hostname sdumont1061) 
Process 11 of 16 on sdumont1062 (hostname sdumont1062) 
Process 4 of 16 on sdumont1061 (hostname sdumont1061) 
