sdumont[1073-1074]
sdumont1073 sdumont1074
	linux-vdso.so.1 =>  (0x00007fffc10d9000)
	libmpifort.so.12 => /opt/intel/parallel_studio_xe_2019/compilers_and_libraries_2019.3.199/linux/mpi/intel64/lib/libmpifort.so.12 (0x00002ab5803ae000)
	libmpi.so.12 => /opt/intel/parallel_studio_xe_2019/compilers_and_libraries_2019.3.199/linux/mpi/intel64/lib/release/libmpi.so.12 (0x00002ab58076c000)
	libdl.so.2 => /usr/lib64/libdl.so.2 (0x00002ab5818fa000)
	librt.so.1 => /usr/lib64/librt.so.1 (0x00002ab581afe000)
	libpthread.so.0 => /usr/lib64/libpthread.so.0 (0x00002ab581d06000)
	libm.so.6 => /usr/lib64/libm.so.6 (0x00002ab581f22000)
	libgcc_s.so.1 => /usr/lib64/libgcc_s.so.1 (0x00002ab582224000)
	libc.so.6 => /usr/lib64/libc.so.6 (0x00002ab58243a000)
	libfabric.so.1 => /opt/intel/parallel_studio_xe_2019/compilers_and_libraries_2019.3.199/linux/mpi/intel64/libfabric/lib/libfabric.so.1 (0x00002ab582807000)
	/lib64/ld-linux-x86-64.so.2 (0x00002ab58018a000)
Process 8 of 16 on sdumont1074 (hostname sdumont1074) 
Process 1 of 16 on sdumont1073 (hostname sdumont1073) 
Process 4 of 16 on sdumont1073 (hostname sdumont1073) 
Process 6 of 16 on sdumont1073 (hostname sdumont1073) 
Process 0 of 16 on sdumont1073 (hostname sdumont1073) 
Process 3 of 16 on sdumont1073 (hostname sdumont1073) 
Process 5 of 16 on sdumont1073 (hostname sdumont1073) 
Process 2 of 16 on sdumont1073 (hostname sdumont1073) 
Process 7 of 16 on sdumont1073 (hostname sdumont1073) 
Process 9 of 16 on sdumont1074 (hostname sdumont1074) 
Process 10 of 16 on sdumont1074 (hostname sdumont1074) 
Process 11 of 16 on sdumont1074 (hostname sdumont1074) 
Process 12 of 16 on sdumont1074 (hostname sdumont1074) 
Process 13 of 16 on sdumont1074 (hostname sdumont1074) 
Process 14 of 16 on sdumont1074 (hostname sdumont1074) 
Process 15 of 16 on sdumont1074 (hostname sdumont1074) 
